This is pdfeTeX, Version 3.141592-1.30.5-2.2 (Web2C 7.5.5) (format=latex 2007.5.2)  20 MAY 2007 17:27
entering extended mode
**\nonstopmode\input{temphebd.tex}
(./temphebd.tex (/usr/share/texmf/tex/latex/base/article.cls
Document Class: article 2004/02/16 v1.4f Standard LaTeX document class
(/usr/share/texmf/tex/latex/base/size12.clo
File: size12.clo 2004/02/16 v1.4f Standard LaTeX file (size option)
)
\c@part=\count79
\c@section=\count80
\c@subsection=\count81
\c@subsubsection=\count82
\c@paragraph=\count83
\c@subparagraph=\count84
\c@figure=\count85
\c@table=\count86
\abovecaptionskip=\skip41
\belowcaptionskip=\skip42
\bibindent=\dimen102
)
(/usr/share/texmf/tex/latex/base/fontenc.sty
Package: fontenc 2004/02/22 v1.99f Standard LaTeX package

(/usr/share/texmf/tex/latex/base/t1enc.def
File: t1enc.def 2004/02/22 v1.99f Standard LaTeX file
LaTeX Font Info:    Redeclaring font encoding T1 on input line 43.
))
(/usr/share/texmf/tex/latex/base/inputenc.sty
Package: inputenc 2004/02/05 v1.0d Input encoding file

(/usr/share/texmf/tex/latex/base/latin1.def
File: latin1.def 2004/02/05 v1.0d Input encoding file
))
(/usr/share/texmf/tex/latex/geometry/geometry.sty
Package: geometry 2002/07/08 v3.2 Page Geometry

(/usr/share/texmf/tex/latex/graphics/keyval.sty
Package: keyval 1999/03/16 v1.13 key=value parser (DPC)
\KV@toks@=\toks14
)
\Gm@cnth=\count87
\Gm@cntv=\count88
\c@Gm@tempcnt=\count89
\Gm@bindingoffset=\dimen103
\Gm@wd@mp=\dimen104
\Gm@odd@mp=\dimen105
\Gm@even@mp=\dimen106
\Gm@dimlist=\toks15

(/usr/share/texmf/tex/latex/geometry/geometry.cfg))
(/home/rouqui/texmf/tex/latex/numprint.sty
Package: numprint 2005/07/11 v1.35 Print numbers (HH)

(/usr/share/texmf/tex/latex/tools/array.sty
Package: array 2003/12/17 v2.4a Tabular extension package (FMi)
\col@sep=\dimen107
\extrarowheight=\dimen108
\NC@list=\toks16
\extratabsurround=\skip43
\backup@length=\skip44
)
\c@nprt@mantissa@digitsbefore=\count90
\c@nprt@mantissa@digitsafter=\count91
\c@nprt@exponent@digitsbefore=\count92
\c@nprt@exponent@digitsafter=\count93
\nprt@digitwidth=\skip45
\nprt@sepwidth=\skip46
\nprt@decimalwidth=\skip47
\nprt@blockwidth=\skip48
\nprt@digittoks=\toks17
\nprt@pretoks=\toks18
\nprt@posttoks=\toks19
\nprt@thisdigit=\count94
\c@nprt@digitsfirstblock=\count95
\c@nprt@blockcnt=\count96
\c@nprt@cntprint=\count97

No configuration file `numprint.cfg' found.)
(/usr/share/texmf/tex/latex/supertabular/supertabular.sty
Package: supertabular 2004/02/20 v4.1e the supertabular environment
\c@tracingst=\count98
\ST@wd=\dimen109
\ST@rightskip=\skip49
\ST@leftskip=\skip50
\ST@parfillskip=\skip51
\ST@pageleft=\dimen110
\ST@headht=\dimen111
\ST@tailht=\dimen112
\ST@pagesofar=\dimen113
\ST@pboxht=\dimen114
\ST@lineht=\dimen115
\ST@stretchht=\dimen116
\ST@prevht=\dimen117
\ST@toadd=\dimen118
\ST@dimen=\dimen119
\ST@pbox=\box26
)
(/usr/share/texmf/tex/generic/babel/babel.sty
Package: babel 2004/11/20 v3.8d The Babel package

(/usr/share/texmf/tex/generic/babel/frenchb.ldf
Language: french 2004/04/02 v1.6f French support from the babel system

(/usr/share/texmf/tex/generic/babel/babel.def
File: babel.def 2004/11/20 v3.8d Babel common definitions
\babel@savecnt=\count99
\U@D=\dimen120
)
Package babel Info: Making : an active character on input line 219.
Package babel Info: Making ; an active character on input line 220.
Package babel Info: Making ! an active character on input line 221.
Package babel Info: Making ? an active character on input line 222.
LaTeX Font Info:    Redeclaring font encoding T1 on input line 299.
\parindentFFN=\dimen121
\std@mcc=\count100
\dec@mcc=\count101

*************************************
* Local config file frenchb.cfg used
*
(/usr/share/texmf/tex/generic/babel/frenchb.cfg)))
! Undefined control sequence.
<recently read> \texdbconnection 
                                 
l.59 \texdbconnection
                     {postgres,localhost,rouqui,rtuRTU,exemples-lbd}
The control sequence at the end of the top line
of your error message was never \def'ed. If you have
misspelled it (e.g., `\hobx'), type `I' and the correct
spelling (e.g., `I\hbox'). Otherwise just continue,
and I'll forget about whatever was undefined.


! LaTeX Error: Missing \begin{document}.

See the LaTeX manual or LaTeX Companion for explanation.
Type  H <return>  for immediate help.
 ...                                              
                                                  
l.59 \texdbconnection{p
                       ostgres,localhost,rouqui,rtuRTU,exemples-lbd}
You're in trouble here.  Try typing  <return>  to proceed.
If that doesn't work, type  X <return>  to quit.

! Undefined control sequence.
l.62 \texdbdef
              {##q}[range(1,53,1)]{SELECT %
The control sequence at the end of the top line
of your error message was never \def'ed. If you have
misspelled it (e.g., `\hobx'), type `I' and the correct
spelling (e.g., `I\hbox'). Otherwise just continue,
and I'll forget about whatever was undefined.

! You can't use `macro parameter character #' in vertical mode.
l.62 \texdbdef{#
                #q}[range(1,53,1)]{SELECT %
Sorry, but I'm not programmed to handle this case;
I'll just pretend that you didn't ask for it.
If you're in the wrong mode, you might be able to
return to the right one by typing `I}' or `I$' or `I\par'.

! You can't use `macro parameter character #' in vertical mode.
l.62 \texdbdef{##
                 q}[range(1,53,1)]{SELECT %
Sorry, but I'm not programmed to handle this case;
I'll just pretend that you didn't ask for it.
If you're in the wrong mode, you might be able to
return to the right one by typing `I}' or `I$' or `I\par'.


! LaTeX Error: Missing \begin{document}.

See the LaTeX manual or LaTeX Companion for explanation.
Type  H <return>  for immediate help.
 ...                                              
                                                  
l.62 \texdbdef{##q
                  }[range(1,53,1)]{SELECT %
You're in trouble here.  Try typing  <return>  to proceed.
If that doesn't work, type  X <return>  to quit.

! You can't use `macro parameter character #' in horizontal mode.
l.64   WHERE  EXTRACT(week from date) = #
                                         #1 AND
Sorry, but I'm not programmed to handle this case;
I'll just pretend that you didn't ask for it.
If you're in the wrong mode, you might be able to
return to the right one by typing `I}' or `I$' or `I\par'.

! You can't use `macro parameter character #' in horizontal mode.
l.64   WHERE  EXTRACT(week from date) = ##
                                          1 AND
Sorry, but I'm not programmed to handle this case;
I'll just pretend that you didn't ask for it.
If you're in the wrong mode, you might be able to
return to the right one by typing `I}' or `I$' or `I\par'.


Overfull \hbox (4.95523pt too wide) in paragraph at lines 62--68
\T1/cmr/m/n/12 TRACT(week from date) = 1 AND date > '2006-01-01' AND EX-TRACT(y
ear
 []

! Undefined control sequence.
l.69 \texdbdef
              {##r}[range(1,53,1)]{SELECT %
The control sequence at the end of the top line
of your error message was never \def'ed. If you have
misspelled it (e.g., `\hobx'), type `I' and the correct
spelling (e.g., `I\hbox'). Otherwise just continue,
and I'll forget about whatever was undefined.

! You can't use `macro parameter character #' in vertical mode.
l.69 \texdbdef{#
                #r}[range(1,53,1)]{SELECT %
Sorry, but I'm not programmed to handle this case;
I'll just pretend that you didn't ask for it.
If you're in the wrong mode, you might be able to
return to the right one by typing `I}' or `I$' or `I\par'.

! You can't use `macro parameter character #' in vertical mode.
l.69 \texdbdef{##
                 r}[range(1,53,1)]{SELECT %
Sorry, but I'm not programmed to handle this case;
I'll just pretend that you didn't ask for it.
If you're in the wrong mode, you might be able to
return to the right one by typing `I}' or `I$' or `I\par'.


! LaTeX Error: Missing \begin{document}.

See the LaTeX manual or LaTeX Companion for explanation.
Type  H <return>  for immediate help.
 ...                                              
                                                  
l.69 \texdbdef{##r
                  }[range(1,53,1)]{SELECT %
You're in trouble here.  Try typing  <return>  to proceed.
If that doesn't work, type  X <return>  to quit.

! You can't use `macro parameter character #' in horizontal mode.
l.72   #
        #1 AND date>'2006-01-01'
Sorry, but I'm not programmed to handle this case;
I'll just pretend that you didn't ask for it.
If you're in the wrong mode, you might be able to
return to the right one by typing `I}' or `I$' or `I\par'.

! You can't use `macro parameter character #' in horizontal mode.
l.72   ##
         1 AND date>'2006-01-01'
Sorry, but I'm not programmed to handle this case;
I'll just pretend that you didn't ask for it.
If you're in the wrong mode, you might be able to
return to the right one by typing `I}' or `I$' or `I\par'.

! Missing $ inserted.
<inserted text> 
                $
l.73   GROUP BY date_
                     trunc('week',date::timestamp)}
I've inserted a begin-math/end-math symbol since I think
you left one out. Proceed, with fingers crossed.

LaTeX Font Info:    External font `cmex10' loaded for size
(Font)              <12> on input line 73.
LaTeX Font Info:    External font `cmex10' loaded for size
(Font)              <8> on input line 73.
LaTeX Font Info:    External font `cmex10' loaded for size
(Font)              <6> on input line 73.
! Extra }, or forgotten $.
l.73 ...OUP BY date_trunc('week',date::timestamp)}
                                                  
I've deleted a group-closing symbol because it seems to be
spurious, as in `$x}$'. But perhaps the } is legitimate and
you forgot something else, as in `\hbox{$x}'. In such cases
the way to recover is to insert both the forgotten and the
deleted material, e.g., by typing `I$}'.

! Missing $ inserted.
<inserted text> 
                $
l.74 
     
I've inserted a begin-math/end-math symbol since I think
you left one out. Proceed, with fingers crossed.


Overfull \hbox (2.50424pt too wide) in paragraph at lines 69--74
[]\T1/cmr/m/n/12 r[range(1,53,1)]SELECT round(avg(temp),1) as moy FROM tem-pe-r
a-tures
 []

(./temphebd.aux)
\openout1 = `temphebd.aux'.

LaTeX Font Info:    Checking defaults for OML/cmm/m/it on input line 75.
LaTeX Font Info:    ... okay on input line 75.
LaTeX Font Info:    Checking defaults for T1/lmr/m/n on input line 75.
LaTeX Font Info:    Try loading font information for T1+lmr on input line 75.
 (/usr/share/texmf/tex/latex/lm/t1lmr.fd
File: t1lmr.fd 2003/07/22 v1.1 Font defs for Latin Modern
)
LaTeX Font Info:    ... okay on input line 75.
LaTeX Font Info:    Checking defaults for OT1/cmr/m/n on input line 75.
LaTeX Font Info:    ... okay on input line 75.
LaTeX Font Info:    Checking defaults for OMS/cmsy/m/n on input line 75.
LaTeX Font Info:    ... okay on input line 75.
LaTeX Font Info:    Checking defaults for OMX/cmex/m/n on input line 75.
LaTeX Font Info:    ... okay on input line 75.
LaTeX Font Info:    Checking defaults for U/cmr/m/n on input line 75.
LaTeX Font Info:    ... okay on input line 75.
-------------------- Geometry parameters
paper: a4paper
landscape: --
twocolumn: --
twoside: --
asymmetric: --
h-parts: 89.62709pt, 0.7\paperwidth , 89.6271pt (default)
v-parts: 101.40665pt, 0.7\paperheight , 152.11pt (default)
hmarginratio: 1:1
vmarginratio: 2:3
lines: --
heightrounded: --
bindingoffset: 0.0pt
truedimen: --
includehead: --
includefoot: --
includemp: --
driver: 
-------------------- Page layout dimensions and switches
\paperwidth  597.50787pt
\paperheight 845.04684pt
\textwidth  418.25368pt
\textheight 591.5302pt
\oddsidemargin  17.3571pt
\evensidemargin 17.3571pt
\topmargin  -7.86334pt
\headheight 12.0pt
\headsep    25.0pt
\footskip   30.0pt
\marginparwidth 44.0pt
\marginparsep   10.0pt
\columnsep  10.0pt
\skip\footins  10.8pt plus 4.0pt minus 2.0pt
\hoffset 0.0pt
\voffset 0.0pt
\mag 1000

(1in=72.27pt, 1cm=28.45pt)
-----------------------
LaTeX Info: Redefining \dots on input line 75.


! LaTeX Error: Environment lbdpour undefined.

See the LaTeX manual or LaTeX Companion for explanation.
Type  H <return>  for immediate help.
 ...                                              
                                                  
l.80 \begin{lbdpour}
                    {range(1,53,1)}
Your command was ignored.
Type  I <command> <return>  to replace it with another command,
or  <return>  to continue without it.

! Undefined control sequence.
l.81   \texdbfor
                {##q##1}{row.date&row.temp\\}
The control sequence at the end of the top line
of your error message was never \def'ed. If you have
misspelled it (e.g., `\hobx'), type `I' and the correct
spelling (e.g., `I\hbox'). Otherwise just continue,
and I'll forget about whatever was undefined.

! You can't use `macro parameter character #' in restricted horizontal mode.
l.81   \texdbfor{#
                  #q##1}{row.date&row.temp\\}
Sorry, but I'm not programmed to handle this case;
I'll just pretend that you didn't ask for it.
If you're in the wrong mode, you might be able to
return to the right one by typing `I}' or `I$' or `I\par'.

! You can't use `macro parameter character #' in restricted horizontal mode.
l.81   \texdbfor{##
                   q##1}{row.date&row.temp\\}
Sorry, but I'm not programmed to handle this case;
I'll just pretend that you didn't ask for it.
If you're in the wrong mode, you might be able to
return to the right one by typing `I}' or `I$' or `I\par'.

! You can't use `macro parameter character #' in restricted horizontal mode.
l.81   \texdbfor{##q#
                     #1}{row.date&row.temp\\}
Sorry, but I'm not programmed to handle this case;
I'll just pretend that you didn't ask for it.
If you're in the wrong mode, you might be able to
return to the right one by typing `I}' or `I$' or `I\par'.

! You can't use `macro parameter character #' in restricted horizontal mode.
l.81   \texdbfor{##q##
                      1}{row.date&row.temp\\}
Sorry, but I'm not programmed to handle this case;
I'll just pretend that you didn't ask for it.
If you're in the wrong mode, you might be able to
return to the right one by typing `I}' or `I$' or `I\par'.

! Missing } inserted.
<inserted text> 
                }
l.81   \texdbfor{##q##1}{row.date&
                                  row.temp\\}
I've put in what seems to be necessary to fix
the current column of the current alignment.
Try to go on, since this might almost work.

! Missing \endgroup inserted.
<inserted text> 
                \endgroup 
l.81   \texdbfor{##q##1}{row.date&
                                  row.temp\\}
I've inserted something that you may have forgotten.
(See the <inserted text> above.)
With luck, this will get me unwedged. But if you
really didn't forget anything, try typing `2' now; then
my insertion and my current dilemma will both disappear.

! Misplaced \noalign.
\hline ->\noalign 
                  {\ifnum 0=`}\fi \hrule \@height \arrayrulewidth \futurelet...
l.82   \hline
             
I expect to see \noalign only after the \cr of
an alignment. Proceed, and I'll ignore this case.

! Undefined control sequence.
<recently read> \texdbfor 
                          
l.83   \texdbfor
                {##r##1}{semaine ##1&moyenne: row.moy\\}
The control sequence at the end of the top line
of your error message was never \def'ed. If you have
misspelled it (e.g., `\hobx'), type `I' and the correct
spelling (e.g., `I\hbox'). Otherwise just continue,
and I'll forget about whatever was undefined.

! You can't use `macro parameter character #' in internal vertical mode.
l.83   \texdbfor{#
                  #r##1}{semaine ##1&moyenne: row.moy\\}
Sorry, but I'm not programmed to handle this case;
I'll just pretend that you didn't ask for it.
If you're in the wrong mode, you might be able to
return to the right one by typing `I}' or `I$' or `I\par'.

! You can't use `macro parameter character #' in internal vertical mode.
l.83   \texdbfor{##
                   r##1}{semaine ##1&moyenne: row.moy\\}
Sorry, but I'm not programmed to handle this case;
I'll just pretend that you didn't ask for it.
If you're in the wrong mode, you might be able to
return to the right one by typing `I}' or `I$' or `I\par'.

! You can't use `macro parameter