This is pdfeTeX, Version 3.141592-1.21a-2.2 (Web2C 7.5.4) (format=latex 2006.4.15)  25 MAR 2007 18:25
entering extended mode
\write18 enabled.
**\nonstopmode\input{temperatures.tex}
(./temperatures.tex (/usr/share/texmf/tex/latex/base/article.cls
Document Class: article 2004/02/16 v1.4f Standard LaTeX document class
(/usr/share/texmf/tex/latex/base/size12.clo
File: size12.clo 2004/02/16 v1.4f Standard LaTeX file (size option)
)
\c@part=\count79
\c@section=\count80
\c@subsection=\count81
\c@subsubsection=\count82
\c@paragraph=\count83
\c@subparagraph=\count84
\c@figure=\count85
\c@table=\count86
\abovecaptionskip=\skip41
\belowcaptionskip=\skip42
\bibindent=\dimen102
)
(/usr/share/texmf/tex/latex/base/inputenc.sty
Package: inputenc 2004/02/05 v1.0d Input encoding file

(/usr/share/texmf/tex/latex/base/latin1.def
File: latin1.def 2004/02/05 v1.0d Input encoding file
))
(/home/rouqui/fat/tetex/tex/latex/numprint.sty
Package: numprint 2005/07/11 v1.35 Print numbers (HH)

(/usr/share/texmf/tex/latex/tools/array.sty
Package: array 2003/12/17 v2.4a Tabular extension package (FMi)
\col@sep=\dimen103
\extrarowheight=\dimen104
\NC@list=\toks14
\extratabsurround=\skip43
\backup@length=\skip44
)
\c@nprt@mantissa@digitsbefore=\count87
\c@nprt@mantissa@digitsafter=\count88
\c@nprt@exponent@digitsbefore=\count89
\c@nprt@exponent@digitsafter=\count90
\nprt@digitwidth=\skip45
\nprt@sepwidth=\skip46
\nprt@decimalwidth=\skip47
\nprt@blockwidth=\skip48
\nprt@digittoks=\toks15
\nprt@pretoks=\toks16
\nprt@posttoks=\toks17
\nprt@thisdigit=\count91
\c@nprt@digitsfirstblock=\count92
\c@nprt@blockcnt=\count93
\c@nprt@cntprint=\count94

No configuration file `numprint.cfg' found.)
! Undefined control sequence.
l.59 \texdbconnection
                     {postgres,localhost,rouqui,rtuRTU,exemples-lbd}
The control sequence at the end of the top line
of your error message was never \def'ed. If you have
misspelled it (e.g., `\hobx'), type `I' and the correct
spelling (e.g., `I\hbox'). Otherwise just continue,
and I'll forget about whatever was undefined.


! LaTeX Error: Missing \begin{document}.

See the LaTeX manual or LaTeX Companion for explanation.
Type  H <return>  for immediate help.
 ...                                              
                                                  
l.59 \texdbconnection{p
                       ostgres,localhost,rouqui,rtuRTU,exemples-lbd}
You're in trouble here.  Try typing  <return>  to proceed.
If that doesn't work, type  X <return>  to quit.

! Undefined control sequence.
l.72 \texdbdef
              {##q}[range(1,13,1)]{SELECT %
The control sequence at the end of the top line
of your error message was never \def'ed. If you have
misspelled it (e.g., `\hobx'), type `I' and the correct
spelling (e.g., `I\hbox'). Otherwise just continue,
and I'll forget about whatever was undefined.

! You can't use `macro parameter character #' in vertical mode.
l.72 \texdbdef{#
                #q}[range(1,13,1)]{SELECT %
Sorry, but I'm not programmed to handle this case;
I'll just pretend that you didn't ask for it.
If you're in the wrong mode, you might be able to
return to the right one by typing `I}' or `I$' or `I\par'.

! You can't use `macro parameter character #' in vertical mode.
l.72 \texdbdef{##
                 q}[range(1,13,1)]{SELECT %
Sorry, but I'm not programmed to handle this case;
I'll just pretend that you didn't ask for it.
If you're in the wrong mode, you might be able to
return to the right one by typing `I}' or `I$' or `I\par'.


! LaTeX Error: Missing \begin{document}.

See the LaTeX manual or LaTeX Companion for explanation.
Type  H <return>  for immediate help.
 ...                                              
                                                  
l.72 \texdbdef{##q
                  }[range(1,13,1)]{SELECT %
You're in trouble here.  Try typing  <return>  to proceed.
If that doesn't work, type  X <return>  to quit.

! Missing $ inserted.
<inserted text> 
                $
l.73   date_
            part('month'::text,date_trunc('month'::text, date::timestamp
I've inserted a begin-math/end-math symbol since I think
you left one out. Proceed, with fingers crossed.

LaTeX Font Info:    External font `cmex10' loaded for size
(Font)              <12> on input line 73.
LaTeX Font Info:    External font `cmex10' loaded for size
(Font)              <8> on input line 73.
LaTeX Font Info:    External font `cmex10' loaded for size
(Font)              <6> on input line 73.
! You can't use `macro parameter character #' in math mode.
l.82   with time zone)) = #
                           #1
Sorry, but I'm not programmed to handle this case;
I'll just pretend that you didn't ask for it.
If you're in the wrong mode, you might be able to
return to the right one by typing `I}' or `I$' or `I\par'.

! You can't use `macro parameter character #' in math mode.
l.82   with time zone)) = ##
                            1
Sorry, but I'm not programmed to handle this case;
I'll just pretend that you didn't ask for it.
If you're in the wrong mode, you might be able to
return to the right one by typing `I}' or `I$' or `I\par'.

! Extra }, or forgotten $.
l.84   ORDER BY an}
                   
I've deleted a group-closing symbol because it seems to be
spurious, as in `$x}$'. But perhaps the } is legitimate and
you forgot something else, as in `\hbox{$x}'. In such cases
the way to recover is to insert both the forgotten and the
deleted material, e.g., by typing `I$}'.

! Missing $ inserted.
<inserted text> 
                $
l.85 
     
I've inserted a begin-math/end-math symbol since I think
you left one out. Proceed, with fingers crossed.


Overfull \hbox (74.85858pt too wide) in paragraph at lines 72--85
\OML/cmm/m/it/12 text; date \OT1/cmr/m/n/12 :: \OML/cmm/m/it/12 timestampwithti
mezone\OT1/cmr/m/n/12 ))\OML/cmm/m/it/12 ASmois; date[]art\OT1/cmr/m/n/12 ([]\O
ML/cmm/m/it/12 year[] \OT1/cmr/m/n/12 :: \OML/cmm/m/it/12 text; date[]runc\OT1/
cmr/m/n/12 ([]\OML/cmm/m/it/12 month[] \OT1/cmr/m/n/12 ::
 []


Overfull \hbox (441.36899pt too wide) in paragraph at lines 72--85
\OML/cmm/m/it/12 text; date \OT1/cmr/m/n/12 :: \OML/cmm/m/it/12 timestampwithti
mezone\OT1/cmr/m/n/12 ))\OML/cmm/m/it/12 ASan; min\OT1/cmr/m/n/12 (\OML/cmm/m/i
t/12 temp\OT1/cmr/m/n/12 )\OML/cmm/m/it/12 asmini; max\OT1/cmr/m/n/12 (\OML/cmm
/m/it/12 temp\OT1/cmr/m/n/12 )\OML/cmm/m/it/12 asmaxi; round\OT1/cmr/m/n/12 (\O
ML/cmm/m/it/12 avg\OT1/cmr/m/n/12 (\OML/cmm/m/it/12 temp\OT1/cmr/m/n/12 )\OML/c
mm/m/it/12 ; \OT1/cmr/m/n/12 1)\OML/cmm/m/it/12 asmoyFROMtemperaturesWHEREdate[
]art\OT1/cmr/m/n/12 ([]\OML/cmm/m/it/12 month[] \OT1/cmr/m/n/12 ::
 []


Overfull \hbox (131.7782pt too wide) in paragraph at lines 72--85
\OML/cmm/m/it/12 text; date[]runc\OT1/cmr/m/n/12 ([]\OML/cmm/m/it/12 month[] \O
T1/cmr/m/n/12 :: \OML/cmm/m/it/12 text; date \OT1/cmr/m/n/12 :: \OML/cmm/m/it/1
2 timestampwithtimezone\OT1/cmr/m/n/12 )) = 1\OML/cmm/m/it/12 GROUPBYdate[]runc
\OT1/cmr/m/n/12 ([]\OML/cmm/m/it/12 month[] \OT1/cmr/m/n/12 ::
 []

No file temperatures.aux.
\openout1 = `temperatures.aux'.

LaTeX Font Info:    Checking defaults for OML/cmm/m/it on input line 86.
LaTeX Font Info:    ... okay on input line 86.
LaTeX Font Info:    Checking defaults for T1/cmr/m/n on input line 86.
LaTeX Font Info:    ... okay on input line 86.
LaTeX Font Info:    Checking defaults for OT1/cmr/m/n on input line 86.
LaTeX Font Info:    ... okay on input line 86.
LaTeX Font Info:    Checking defaults for OMS/cmsy/m/n on input line 86.
LaTeX Font Info:    ... okay on input line 86.
LaTeX Font Info:    Checking defaults for OMX/cmex/m/n on input line 86.
LaTeX Font Info:    ... okay on input line 86.
LaTeX Font Info:    Checking defaults for U/cmr/m/n on input line 86.
LaTeX Font Info:    ... okay on input line 86.
! Undefined control sequence.
l.87 \texdbfor
              {##q}[range(1,13,1)]{
The control sequence at the end of the top line
of your error message was never \def'ed. If you have
misspelled it (e.g., `\hobx'), type `I' and the correct
spelling (e.g., `I\hbox'). Otherwise just continue,
and I'll forget about whatever was undefined.

! You can't use `macro parameter character #' in vertical mode.
l.87 \texdbfor{#
                #q}[range(1,13,1)]{
Sorry, but I'm not programmed to handle this case;
I'll just pretend that you didn't ask for it.
If you're in the wrong mode, you might be able to
return to the right one by typing `I}' or `I$' or `I\par'.

! You can't use `macro parameter character #' in vertical mode.
l.87 \texdbfor{##
                 q}[range(1,13,1)]{
Sorry, but I'm not programmed to handle this case;
I'll just pretend that you didn't ask for it.
If you're in the wrong mode, you might be able to
return to the right one by typing `I}' or `I$' or `I\par'.


! Package numprint Error: Invalid characters `r' in mandatory argument of
(numprint)                \numprint. Allowed are
(numprint)                `0123456789.,eEdD+-\pm '.

See the numprint package documentation for explanation.
Type  H <return>  for immediate help.
 ...                                              
                                                  
l.88 \numprint{row.an}
                      &row.mini&row.maxi&row.moy\\}%
You may only use the specified characters in the argument.

! Misplaced alignment tab character &.
l.88 \numprint{row.an}&
                       row.mini&row.maxi&row.moy\\}%
I can't figure out why you would want to use a tab mark
here. If you just want an ampersand, the remedy is
simple: Just type `I\&' now. But if some right brace
up above has ended a previous alignment prematurely,
you're probably due for more error messages, and you
might try typing `S' now just to see what is salvageable.

! Misplaced alignment tab character &.
l.88 \numprint{row.an}&row.mini&
                                row.maxi&row.moy\\}%
I can't figure out why you would want to use a tab mark
here. If you just want an ampersand, the remedy is
simple: Just type `I\&' now. But if some right brace
up above has ended a previous alignment prematurely,
you're probably due for more error messages, and you
might try typing `S' now just to see what is salvageable.

! Misplaced alignment tab character &.
l.88 \numprint{row.an}&row.mini&row.maxi&
                                         row.moy\\}%
I can't figure out why you would want to use a tab mark
here. If you just want an ampersand, the remedy is
simple: Just type `I\&' now. But if some right brace
up above has ended a previous alignment prematurely,
you're probably due for more error messages, and you
might try typing `S' now just to see what is salvageable.


Underfull \hbox (badness 10000) in paragraph at lines 87--89

 []

! Missing number, treated as zero.
<to be read again> 
                   ##
l.90 {\large \textbf{\mois{##1}}
                                }
A number should have been here; I inserted `0'.
(If you can't figure out why I needed to see a number,
look up `weird error' in the index to The TeXbook.)

! You can't use `macro parameter character #' in horizontal mode.
<recently read> ##
                  
l.90 {\large \textbf{\mois{##1}}
                                }
Sorry, but I'm not programmed to handle this case;
I'll just pretend that you didn't ask for it.
If you're in the wrong mode, you might be able to
return to the right one by typing `I}' or `I$' or `I\par'.

! You can't use `macro parameter character #' in horizontal mode.
<argument> ####
               1
l.90 {\large \textbf{\mois{##1}}
                                }
Sorry, but I'm not programmed to handle this case;
I'll just pretend that you didn't ask for it.
If you're in the wrong mode, you might be able to
return to the right one by typing `I}' or `I$' or `I\par'.

! You can't use `macro parameter character #' in restricted horizontal mode.
<recently read> ##
                  
l.97 #
      #texdbfor%
Sorry, but I'm not programmed to handle this case;
I'll just pretend that you didn't ask for it.
If you're in the wrong mode, you might be able to
return to the right one by typing `I}' or `I$' or `I\par'.

! You can't use `macro parameter character #' in restricted horizontal mode.
l.97 ##
       texdbfor%
Sorry, but I'm not programmed to handle this case;
I'll just pretend that you didn't ask for it.
If you're in the wrong mode, you might be able to
return to the right one by typing `I}' or `I$' or `I\par'.

! Misplaced \noalign.
\hline ->\noalign 
                  {\ifnum 0=`}\fi \hrule \@height \arrayrulewidth \futurelet...
l.98 \hline
           
I expect to see \noalign only after the \cr of
an alignment. Proceed, and I'll ignore this case.

! You can't use `\hrule' here except with leaders.
\hline ->\noalign {\ifnum 0=`}\fi \hrule 
                                         \@height \arrayrulewidth \futurelet...
l.98 \hline
           
To put a horizontal rule in an hbox or an alignment,
you should use \leaders or \hrulefill (see The TeXbook).

! Missing number, treated as zero.
<to be read again> 
                   \futurelet 
l.98 \hline
           
A number should have been here; I inserted `0'.
(If you can't figure out why I needed to see a number,
look up `weird error' in the index to The TeXbook.)

! Illegal unit of measure (pt inserted).
<to be read again> 
                   \futurelet 
l.98 \hline
           
Dimensions can be in units of em, ex, in, pt, pc,
cm, mm, dd, cc, bp, or sp; but yours is a new one!
I'll assume that you meant to say pt, for printer's points.
To recover gracefully from this error, it's best to
delete the erroneous units; e.g., type `2' to delete
two letters. (See Chapter 27 of The TeXbook.)

! Undefined control sequence.
l.101 \endtexdbfor
                  
The control sequence at the end of the top line
of your error message was never \def'ed. If you have
misspelled it (e.g., `\hobx'), type `I' and the correct
spelling (e.g., `I\hbox'). Otherwise just continue,
and I'll forget about whatever was undefined.

[1

] (./temperatures.aux) )
(\end occurred inside a group at level 1)

### simple group (level 1) entered at line 72 ({)
### bottom level 
Here is how much of TeX's memory you used:
 610 strings out of 94501
 8329 string characters out of 1176789
 61086 words of memory out of 1000000
 3844 multiletter control sequences out of 10000+50000
 6981 words of font info for 25 fonts, out of 500000 for 2000
 580 hyphenation exceptions out of 1000
 24i,7n,44p,167b,199s stack positions out of 1500i,500n,5000p,200000b,5000s

Output written on temperatures.dvi (1 page, 1732 bytes).
