This is pdfeTeX, Version 3.141592-1.21a-2.2 (Web2C 7.5.4) (format=latex 2006.4.15)  25 MAR 2007 18:25
entering extended mode
\write18 enabled.
**temperatures-but
(./temperatures-but.tex
LaTeX2e <2003/12/01>
Babel <v3.8d> and hyphenation patterns for american, french, german, ngerman, b
ahasa, basque, bulgarian, catalan, croatian, czech, danish, dutch, esperanto, e
stonian, finnish, greek, icelandic, irish, italian, latin, magyar, norsk, polis
h, portuges, romanian, russian, serbian, slovak, slovene, spanish, swedish, tur
kish, ukrainian, nohyphenation, loaded.
(/usr/share/texmf/tex/latex/base/article.cls
Document Class: article 2004/02/16 v1.4f Standard LaTeX document class
(/usr/share/texmf/tex/latex/base/size12.clo
File: size12.clo 2004/02/16 v1.4f Standard LaTeX file (size option)
)
\c@part=\count79
\c@section=\count80
\c@subsection=\count81
\c@subsubsection=\count82
\c@paragraph=\count83
\c@subparagraph=\count84
\c@figure=\count85
\c@table=\count86
\abovecaptionskip=\skip41
\belowcaptionskip=\skip42
\bibindent=\dimen102
)
(/usr/share/texmf/tex/latex/base/inputenc.sty
Package: inputenc 2004/02/05 v1.0d Input encoding file

(/usr/share/texmf/tex/latex/base/latin1.def
File: latin1.def 2004/02/05 v1.0d Input encoding file
))
(/home/rouqui/fat/tetex/tex/latex/numprint.sty
Package: numprint 2005/07/11 v1.35 Print numbers (HH)

(/usr/share/texmf/tex/latex/tools/array.sty
Package: array 2003/12/17 v2.4a Tabular extension package (FMi)
\col@sep=\dimen103
\extrarowheight=\dimen104
\NC@list=\toks14
\extratabsurround=\skip43
\backup@length=\skip44
)
\c@nprt@mantissa@digitsbefore=\count87
\c@nprt@mantissa@digitsafter=\count88
\c@nprt@exponent@digitsbefore=\count89
\c@nprt@exponent@digitsafter=\count90
\nprt@digitwidth=\skip45
\nprt@sepwidth=\skip46
\nprt@decimalwidth=\skip47
\nprt@blockwidth=\skip48
\nprt@digittoks=\toks15
\nprt@pretoks=\toks16
\nprt@posttoks=\toks17
\nprt@thisdigit=\count91
\c@nprt@digitsfirstblock=\count92
\c@nprt@blockcnt=\count93
\c@nprt@cntprint=\count94

No configuration file `numprint.cfg' found.) (./temperatures-but.aux)
\openout1 = `temperatures-but.aux'.

LaTeX Font Info:    Checking defaults for OML/cmm/m/it on input line 86.
LaTeX Font Info:    ... okay on input line 86.
LaTeX Font Info:    Checking defaults for T1/cmr/m/n on input line 86.
LaTeX Font Info:    ... okay on input line 86.
LaTeX Font Info:    Checking defaults for OT1/cmr/m/n on input line 86.
LaTeX Font Info:    ... okay on input line 86.
LaTeX Font Info:    Checking defaults for OMS/cmsy/m/n on input line 86.
LaTeX Font Info:    ... okay on input line 86.
LaTeX Font Info:    Checking defaults for OMX/cmex/m/n on input line 86.
LaTeX Font Info:    ... okay on input line 86.
LaTeX Font Info:    Checking defaults for U/cmr/m/n on input line 86.
LaTeX Font Info:    ... okay on input line 86.
LaTeX Font Info:    External font `cmex10' loaded for size
(Font)              <12> on input line 93.
LaTeX Font Info:    External font `cmex10' loaded for size
(Font)              <8> on input line 93.
LaTeX Font Info:    External font `cmex10' loaded for size
(Font)              <6> on input line 93.
\nprt@curpos=\count95
\nprt@rndpos=\count96
\nprt@curpos=\count97
\nprt@rndpos=\count98
\nprt@curpos=\count99
\nprt@rndpos=\count100
\nprt@curpos=\count101
\nprt@rndpos=\count102
\nprt@curpos=\count103
\nprt@rndpos=\count104
\nprt@curpos=\count105
\nprt@rndpos=\count106
\nprt@curpos=\count107
\nprt@rndpos=\count108
\nprt@curpos=\count109
\nprt@rndpos=\count110
\nprt@curpos=\count111
\nprt@rndpos=\count112
\nprt@curpos=\count113
\nprt@rndpos=\count114
\nprt@curpos=\count115
\nprt@rndpos=\count116
\nprt@curpos=\count117
\nprt@rndpos=\count118
\nprt@curpos=\count119
\nprt@rndpos=\count120
\nprt@curpos=\count121
\nprt@rndpos=\count122
\nprt@curpos=\count123
\nprt@rndpos=\count124
\nprt@curpos=\count125
\nprt@rndpos=\count126
\nprt@curpos=\count127
\nprt@rndpos=\count128
\nprt@curpos=\count129
\nprt@rndpos=\count130
\nprt@curpos=\count131
\nprt@rndpos=\count132
\nprt@curpos=\count133
\nprt@rndpos=\count134
\nprt@curpos=\count135
\nprt@rndpos=\count136
\nprt@curpos=\count137
\nprt@rndpos=\count138
\nprt@curpos=\count139
\nprt@rndpos=\count140
\nprt@curpos=\count141
\nprt@rndpos=\count142
\nprt@curpos=\count143
\nprt@rndpos=\count144
\nprt@curpos=\count145
\nprt@rndpos=\count146
\nprt@curpos=\count147
\nprt@rndpos=\count148
\nprt@curpos=\count149
\nprt@rndpos=\count150
 [1

]
\nprt@curpos=\count151
\nprt@rndpos=\count152
\nprt@curpos=\count153
\nprt@rndpos=\count154
\nprt@curpos=\count155
\nprt@rndpos=\count156
\nprt@curpos=\count157
\nprt@rndpos=\count158
\nprt@curpos=\count159
\nprt@rndpos=\count160
\nprt@curpos=\count161
\nprt@rndpos=\count162
\nprt@curpos=\count163
\nprt@rndpos=\count164
\nprt@curpos=\count165
\nprt@rndpos=\count166
\nprt@curpos=\count167
\nprt@rndpos=\count168
\nprt@curpos=\count169
\nprt@rndpos=\count170
\nprt@curpos=\count171
\nprt@rndpos=\count172
\nprt@curpos=\count173
\nprt@rndpos=\count174
\nprt@curpos=\count175
\nprt@rndpos=\count176
\nprt@curpos=\count177
\nprt@rndpos=\count178
\nprt@curpos=\count179
\nprt@rndpos=\count180
\nprt@curpos=\count181
\nprt@rndpos=\count182
\nprt@curpos=\count183
\nprt@rndpos=\count184
\nprt@curpos=\count185
\nprt@rndpos=\count186
\nprt@curpos=\count187
\nprt@rndpos=\count188
\nprt@curpos=\count189
\nprt@rndpos=\count190
\nprt@curpos=\count191
\nprt@rndpos=\count192
\nprt@curpos=\count193
\nprt@rndpos=\count194
\nprt@curpos=\count195
\nprt@rndpos=\count196
\nprt@curpos=\count197
\nprt@rndpos=\count198
\nprt@curpos=\count199
\nprt@rndpos=\count200

[2]
\nprt@curpos=\count201
\nprt@rndpos=\count202
\nprt@curpos=\count203
\nprt@rndpos=\count204
\nprt@curpos=\count205
\nprt@rndpos=\count206
\nprt@curpos=\count207
\nprt@rndpos=\count208
\nprt@curpos=\count209
\nprt@rndpos=\count210
\nprt@curpos=\count211
\nprt@rndpos=\count212
\nprt@curpos=\count213
\nprt@rndpos=\count214
\nprt@curpos=\count215
\nprt@rndpos=\count216
\nprt@curpos=\count217
\nprt@rndpos=\count218
\nprt@curpos=\count219
\nprt@rndpos=\count220
\nprt@curpos=\count221
\nprt@rndpos=\count222
\nprt@curpos=\count223
\nprt@rndpos=\count224
 [3] (./temperatures-but.aux) ) 
Here is how much of TeX's memory you used:
 615 strings out of 94501
 8446 string characters out of 1176789
 67050 words of memory out of 1000000
 3847 multiletter control sequences out of 10000+50000
 6981 words of font info for 25 fonts, out of 500000 for 2000
 580 hyphenation exceptions out of 1000
 24i,7n,39p,147b,188s stack positions out of 1500i,500n,5000p,200000b,5000s

Output written on temperatures-but.dvi (3 pages, 12384 bytes).
