TOP6d155165	START
TOP6d155165	attack_mode	3
TOP6d155165	attack_kern	3
TOP6d155165	benchmark	0
TOP6d155165	stdout_flag	0
TOP6d155165	bitmap_min	16
TOP6d155165	bitmap_max	24
TOP6d155165	debug_mode	0
TOP6d155165	force	0
TOP6d155165	kernel_accel	0
TOP6d155165	kernel_loops	0
TOP6d155165	nvidia_spin_damp	100
TOP6d155165	gpu_temp_disable	0
TOP6d155165	gpu_temp_abort	90
TOP6d155165	gpu_temp_retain	75
TOP6d155165	hash_mode	9600
TOP6d155165	hex_charset	0
TOP6d155165	hex_salt	0
TOP6d155165	hex_wordlist	0
TOP6d155165	increment	0
TOP6d155165	increment_max	54
TOP6d155165	increment_min	1
TOP6d155165	keyspace	0
TOP6d155165	left	0
TOP6d155165	logfile_disable	0
TOP6d155165	loopback	0
TOP6d155165	markov_classic	0
TOP6d155165	markov_disable	0
TOP6d155165	markov_threshold	0
TOP6d155165	outfile_autohex	1
TOP6d155165	outfile_check_timer	5
TOP6d155165	outfile_format	3
TOP6d155165	potfile_disable	0
TOP6d155165	powertune_enable	0
TOP6d155165	scrypt_tmto	0
TOP6d155165	quiet	0
TOP6d155165	remove	0
TOP6d155165	remove_timer	60
TOP6d155165	restore	0
TOP6d155165	restore_disable	0
TOP6d155165	restore_timer	60
TOP6d155165	rp_gen	0
TOP6d155165	rp_gen_func_max	4
TOP6d155165	rp_gen_func_min	1
TOP6d155165	rp_gen_seed	0
TOP6d155165	runtime	0
TOP6d155165	segment_size	32
TOP6d155165	show	0
TOP6d155165	status	1
TOP6d155165	machine_readable	0
TOP6d155165	status_timer	10
TOP6d155165	usage	0
TOP6d155165	username	1
TOP6d155165	version	0
TOP6d155165	weak_hash_threshold	0
TOP6d155165	workload_profile	2
TOP6d155165	limit	0
TOP6d155165	skip	0
TOP6d155165	separator	:
TOP6d155165	opencl_vector_width	0
TOP6d155165	outfile	../Avancement grade.crack
TOP6d155165	rule_buf_l	:
TOP6d155165	rule_buf_r	:
TOP6d155165	session	hashcat
TOP6d155165	veracrypt_pim	0
TOP798782c4	START
TOP798782c4	attack_mode	3
TOP798782c4	attack_kern	3
TOP798782c4	benchmark	0
TOP798782c4	stdout_flag	0
TOP798782c4	bitmap_min	16
TOP798782c4	bitmap_max	24
TOP798782c4	debug_mode	0
TOP798782c4	force	0
TOP798782c4	kernel_accel	0
TOP798782c4	kernel_loops	0
TOP798782c4	nvidia_spin_damp	100
TOP798782c4	gpu_temp_disable	0
TOP798782c4	gpu_temp_abort	90
TOP798782c4	gpu_temp_retain	75
TOP798782c4	hash_mode	9600
TOP798782c4	hex_charset	0
TOP798782c4	hex_salt	0
TOP798782c4	hex_wordlist	0
TOP798782c4	increment	0
TOP798782c4	increment_max	54
TOP798782c4	increment_min	1
TOP798782c4	keyspace	0
TOP798782c4	left	0
TOP798782c4	logfile_disable	0
TOP798782c4	loopback	0
TOP798782c4	markov_classic	0
TOP798782c4	markov_disable	0
TOP798782c4	markov_threshold	0
TOP798782c4	outfile_autohex	1
TOP798782c4	outfile_check_timer	5
TOP798782c4	outfile_format	3
TOP798782c4	potfile_disable	0
TOP798782c4	powertune_enable	0
TOP798782c4	scrypt_tmto	0
TOP798782c4	quiet	0
TOP798782c4	remove	0
TOP798782c4	remove_timer	60
TOP798782c4	restore	0
TOP798782c4	restore_disable	0
TOP798782c4	restore_timer	60
TOP798782c4	rp_gen	0
TOP798782c4	rp_gen_func_max	4
TOP798782c4	rp_gen_func_min	1
TOP798782c4	rp_gen_seed	0
TOP798782c4	runtime	0
TOP798782c4	segment_size	32
TOP798782c4	show	0
TOP798782c4	status	1
TOP798782c4	machine_readable	0
TOP798782c4	status_timer	10
TOP798782c4	usage	0
TOP798782c4	username	1
TOP798782c4	version	0
TOP798782c4	weak_hash_threshold	0
TOP798782c4	workload_profile	2
TOP798782c4	limit	0
TOP798782c4	skip	0
TOP798782c4	separator	:
TOP798782c4	opencl_vector_width	0
TOP798782c4	outfile	../Avancement grade.crack
TOP798782c4	rule_buf_l	:
TOP798782c4	rule_buf_r	:
TOP798782c4	session	hashcat
TOP798782c4	veracrypt_pim	0
TOPd2064325	START
TOPd2064325	attack_mode	3
TOPd2064325	attack_kern	3
TOPd2064325	benchmark	0
TOPd2064325	stdout_flag	0
TOPd2064325	bitmap_min	16
TOPd2064325	bitmap_max	24
TOPd2064325	debug_mode	0
TOPd2064325	force	0
TOPd2064325	kernel_accel	0
TOPd2064325	kernel_loops	0
TOPd2064325	nvidia_spin_damp	100
TOPd2064325	gpu_temp_disable	0
TOPd2064325	gpu_temp_abort	90
TOPd2064325	gpu_temp_retain	75
TOPd2064325	hash_mode	9600
TOPd2064325	hex_charset	0
TOPd2064325	hex_salt	0
TOPd2064325	hex_wordlist	0
TOPd2064325	increment	0
TOPd2064325	increment_max	54
TOPd2064325	increment_min	1
TOPd2064325	keyspace	0
TOPd2064325	left	0
TOPd2064325	logfile_disable	0
TOPd2064325	loopback	0
TOPd2064325	markov_classic	0
TOPd2064325	markov_disable	0
TOPd2064325	markov_threshold	0
TOPd2064325	outfile_autohex	1
TOPd2064325	outfile_check_timer	5
TOPd2064325	outfile_format	3
TOPd2064325	potfile_disable	0
TOPd2064325	powertune_enable	0
TOPd2064325	scrypt_tmto	0
TOPd2064325	quiet	0
TOPd2064325	remove	0
TOPd2064325	remove_timer	60
TOPd2064325	restore	0
TOPd2064325	restore_disable	0
TOPd2064325	restore_timer	60
TOPd2064325	rp_gen	0
TOPd2064325	rp_gen_func_max	4
TOPd2064325	rp_gen_func_min	1
TOPd2064325	rp_gen_seed	0
TOPd2064325	runtime	0
TOPd2064325	segment_size	32
TOPd2064325	show	0
TOPd2064325	status	1
TOPd2064325	machine_readable	0
TOPd2064325	status_timer	10
TOPd2064325	usage	0
TOPd2064325	username	1
TOPd2064325	version	0
TOPd2064325	weak_hash_threshold	0
TOPd2064325	workload_profile	2
TOPd2064325	limit	0
TOPd2064325	skip	0
TOPd2064325	separator	:
TOPd2064325	opencl_vector_width	0
TOPd2064325	outfile	../Avancement grade.crack
TOPd2064325	rule_buf_l	:
TOPd2064325	rule_buf_r	:
TOPd2064325	session	hashcat
TOPd2064325	veracrypt_pim	0
TOPd2064325	target	../Avancement grade.pot
TOPd2064325	hashlist_mode	4
TOPd2064325	hashlist_format	0
TOPa8e7e6b4	START
TOPa8e7e6b4	attack_mode	3
TOPa8e7e6b4	attack_kern	3
TOPa8e7e6b4	benchmark	0
TOPa8e7e6b4	stdout_flag	0
TOPa8e7e6b4	bitmap_min	16
TOPa8e7e6b4	bitmap_max	24
TOPa8e7e6b4	debug_mode	0
TOPa8e7e6b4	force	0
TOPa8e7e6b4	kernel_accel	0
TOPa8e7e6b4	kernel_loops	0
TOPa8e7e6b4	nvidia_spin_damp	100
TOPa8e7e6b4	gpu_temp_disable	0
TOPa8e7e6b4	gpu_temp_abort	90
TOPa8e7e6b4	gpu_temp_retain	75
TOPa8e7e6b4	hash_mode	9600
TOPa8e7e6b4	hex_charset	0
TOPa8e7e6b4	hex_salt	0
TOPa8e7e6b4	hex_wordlist	0
TOPa8e7e6b4	increment	0
TOPa8e7e6b4	increment_max	54
TOPa8e7e6b4	increment_min	1
TOPa8e7e6b4	keyspace	0
TOPa8e7e6b4	left	0
TOPa8e7e6b4	logfile_disable	0
TOPa8e7e6b4	loopback	0
TOPa8e7e6b4	markov_classic	0
TOPa8e7e6b4	markov_disable	0
TOPa8e7e6b4	markov_threshold	0
TOPa8e7e6b4	outfile_autohex	1
TOPa8e7e6b4	outfile_check_timer	5
TOPa8e7e6b4	outfile_format	3
TOPa8e7e6b4	potfile_disable	0
TOPa8e7e6b4	powertune_enable	0
TOPa8e7e6b4	scrypt_tmto	0
TOPa8e7e6b4	quiet	0
TOPa8e7e6b4	remove	0
TOPa8e7e6b4	remove_timer	60
TOPa8e7e6b4	restore	0
TOPa8e7e6b4	restore_disable	0
TOPa8e7e6b4	restore_timer	60
TOPa8e7e6b4	rp_gen	0
TOPa8e7e6b4	rp_gen_func_max	4
TOPa8e7e6b4	rp_gen_func_min	1
TOPa8e7e6b4	rp_gen_seed	0
TOPa8e7e6b4	runtime	0
TOPa8e7e6b4	segment_size	32
TOPa8e7e6b4	show	0
TOPa8e7e6b4	status	1
TOPa8e7e6b4	machine_readable	0
TOPa8e7e6b4	status_timer	10
TOPa8e7e6b4	usage	0
TOPa8e7e6b4	username	1
TOPa8e7e6b4	version	0
TOPa8e7e6b4	weak_hash_threshold	0
TOPa8e7e6b4	workload_profile	2
TOPa8e7e6b4	limit	0
TOPa8e7e6b4	skip	0
TOPa8e7e6b4	separator	:
TOPa8e7e6b4	opencl_vector_width	0
TOPa8e7e6b4	outfile	../Avancement grade.crack
TOPa8e7e6b4	rule_buf_l	:
TOPa8e7e6b4	rule_buf_r	:
TOPa8e7e6b4	session	hashcat
TOPa8e7e6b4	veracrypt_pim	0
TOPa8e7e6b4	target	../Avancement grade.pot
TOPa8e7e6b4	hashlist_mode	4
TOPa8e7e6b4	hashlist_format	0
TOP9a9ed629	START
TOP9a9ed629	attack_mode	3
TOP9a9ed629	attack_kern	3
TOP9a9ed629	benchmark	0
TOP9a9ed629	stdout_flag	0
TOP9a9ed629	bitmap_min	16
TOP9a9ed629	bitmap_max	24
TOP9a9ed629	debug_mode	0
TOP9a9ed629	force	0
TOP9a9ed629	kernel_accel	0
TOP9a9ed629	kernel_loops	0
TOP9a9ed629	nvidia_spin_damp	100
TOP9a9ed629	gpu_temp_disable	0
TOP9a9ed629	gpu_temp_abort	90
TOP9a9ed629	gpu_temp_retain	75
TOP9a9ed629	hash_mode	9600
TOP9a9ed629	hex_charset	0
TOP9a9ed629	hex_salt	0
TOP9a9ed629	hex_wordlist	0
TOP9a9ed629	increment	0
TOP9a9ed629	increment_max	54
TOP9a9ed629	increment_min	1
TOP9a9ed629	keyspace	0
TOP9a9ed629	left	0
TOP9a9ed629	logfile_disable	0
TOP9a9ed629	loopback	0
TOP9a9ed629	markov_classic	0
TOP9a9ed629	markov_disable	0
TOP9a9ed629	markov_threshold	0
TOP9a9ed629	outfile_autohex	1
TOP9a9ed629	outfile_check_timer	5
TOP9a9ed629	outfile_format	3
TOP9a9ed629	potfile_disable	0
TOP9a9ed629	powertune_enable	0
TOP9a9ed629	scrypt_tmto	0
TOP9a9ed629	quiet	0
TOP9a9ed629	remove	0
TOP9a9ed629	remove_timer	60
TOP9a9ed629	restore	0
TOP9a9ed629	restore_disable	0
TOP9a9ed629	restore_timer	60
TOP9a9ed629	rp_gen	0
TOP9a9ed629	rp_gen_func_max	4
TOP9a9ed629	rp_gen_func_min	1
TOP9a9ed629	rp_gen_seed	0
TOP9a9ed629	runtime	0
TOP9a9ed629	segment_size	32
TOP9a9ed629	show	0
TOP9a9ed629	status	1
TOP9a9ed629	machine_readable	0
TOP9a9ed629	status_timer	10
TOP9a9ed629	usage	0
TOP9a9ed629	username	0
TOP9a9ed629	version	0
TOP9a9ed629	weak_hash_threshold	0
TOP9a9ed629	workload_profile	2
TOP9a9ed629	limit	0
TOP9a9ed629	skip	0
TOP9a9ed629	separator	:
TOP9a9ed629	opencl_vector_width	0
TOP9a9ed629	outfile	../Avancement grade.crack
TOP9a9ed629	rule_buf_l	:
TOP9a9ed629	rule_buf_r	:
TOP9a9ed629	session	hashcat
TOP9a9ed629	veracrypt_pim	0
TOP9a9ed629	target	../Avancement grade.pot
TOP9a9ed629	hashlist_mode	4
TOP9a9ed629	hashlist_format	0
TOP5b160618	START
TOP5b160618	attack_mode	3
TOP5b160618	attack_kern	3
TOP5b160618	benchmark	0
TOP5b160618	stdout_flag	0
TOP5b160618	bitmap_min	16
TOP5b160618	bitmap_max	24
TOP5b160618	debug_mode	0
TOP5b160618	force	0
TOP5b160618	kernel_accel	0
TOP5b160618	kernel_loops	0
TOP5b160618	nvidia_spin_damp	100
TOP5b160618	gpu_temp_disable	0
TOP5b160618	gpu_temp_abort	90
TOP5b160618	gpu_temp_retain	75
TOP5b160618	hash_mode	9600
TOP5b160618	hex_charset	0
TOP5b160618	hex_salt	0
TOP5b160618	hex_wordlist	0
TOP5b160618	increment	0
TOP5b160618	increment_max	54
TOP5b160618	increment_min	1
TOP5b160618	keyspace	0
TOP5b160618	left	0
TOP5b160618	logfile_disable	0
TOP5b160618	loopback	0
TOP5b160618	markov_classic	0
TOP5b160618	markov_disable	0
TOP5b160618	markov_threshold	0
TOP5b160618	outfile_autohex	1
TOP5b160618	outfile_check_timer	5
TOP5b160618	outfile_format	3
TOP5b160618	potfile_disable	0
TOP5b160618	powertune_enable	0
TOP5b160618	scrypt_tmto	0
TOP5b160618	quiet	0
TOP5b160618	remove	0
TOP5b160618	remove_timer	60
TOP5b160618	restore	0
TOP5b160618	restore_disable	0
TOP5b160618	restore_timer	60
TOP5b160618	rp_gen	0
TOP5b160618	rp_gen_func_max	4
TOP5b160618	rp_gen_func_min	1
TOP5b160618	rp_gen_seed	0
TOP5b160618	runtime	0
TOP5b160618	segment_size	32
TOP5b160618	show	0
TOP5b160618	status	1
TOP5b160618	machine_readable	0
TOP5b160618	status_timer	10
TOP5b160618	usage	0
TOP5b160618	username	0
TOP5b160618	version	0
TOP5b160618	weak_hash_threshold	0
TOP5b160618	workload_profile	2
TOP5b160618	limit	0
TOP5b160618	skip	0
TOP5b160618	separator	:
TOP5b160618	opencl_vector_width	0
TOP5b160618	outfile	../Avancement grade.crack
TOP5b160618	rule_buf_l	:
TOP5b160618	rule_buf_r	:
TOP5b160618	session	hashcat
TOP5b160618	veracrypt_pim	0
TOP5b160618	target	../Avancement grade.pot
TOP5b160618	hashlist_mode	4
TOP5b160618	hashlist_format	0
TOP9ae7b428	START
TOP9ae7b428	attack_mode	0
TOP9ae7b428	attack_kern	0
TOP9ae7b428	benchmark	1
TOP9ae7b428	stdout_flag	0
TOP9ae7b428	bitmap_min	16
TOP9ae7b428	bitmap_max	24
TOP9ae7b428	debug_mode	0
TOP9ae7b428	force	0
TOP9ae7b428	kernel_accel	0
TOP9ae7b428	kernel_loops	0
TOP9ae7b428	nvidia_spin_damp	100
TOP9ae7b428	gpu_temp_disable	0
TOP9ae7b428	gpu_temp_abort	90
TOP9ae7b428	gpu_temp_retain	75
TOP9ae7b428	hash_mode	0
TOP9ae7b428	hex_charset	0
TOP9ae7b428	hex_salt	0
TOP9ae7b428	hex_wordlist	0
TOP9ae7b428	increment	0
TOP9ae7b428	increment_max	54
TOP9ae7b428	increment_min	1
TOP9ae7b428	keyspace	0
TOP9ae7b428	left	0
TOP9ae7b428	logfile_disable	0
TOP9ae7b428	loopback	0
TOP9ae7b428	markov_classic	0
TOP9ae7b428	markov_disable	0
TOP9ae7b428	markov_threshold	0
TOP9ae7b428	outfile_autohex	1
TOP9ae7b428	outfile_check_timer	5
TOP9ae7b428	outfile_format	3
TOP9ae7b428	potfile_disable	0
TOP9ae7b428	powertune_enable	0
TOP9ae7b428	scrypt_tmto	0
TOP9ae7b428	quiet	0
TOP9ae7b428	remove	0
TOP9ae7b428	remove_timer	60
TOP9ae7b428	restore	0
TOP9ae7b428	restore_disable	0
TOP9ae7b428	restore_timer	60
TOP9ae7b428	rp_gen	0
TOP9ae7b428	rp_gen_func_max	4
TOP9ae7b428	rp_gen_func_min	1
TOP9ae7b428	rp_gen_seed	0
TOP9ae7b428	runtime	0
TOP9ae7b428	segment_size	32
TOP9ae7b428	show	0
TOP9ae7b428	status	0
TOP9ae7b428	machine_readable	0
TOP9ae7b428	status_timer	10
TOP9ae7b428	usage	0
TOP9ae7b428	username	0
TOP9ae7b428	version	0
TOP9ae7b428	weak_hash_threshold	100
TOP9ae7b428	workload_profile	2
TOP9ae7b428	limit	0
TOP9ae7b428	skip	0
TOP9ae7b428	separator	:
TOP9ae7b428	opencl_device_types	2
TOP9ae7b428	opencl_vector_width	0
TOP9ae7b428	rule_buf_l	:
TOP9ae7b428	rule_buf_r	:
TOP9ae7b428	session	hashcat
TOP9ae7b428	veracrypt_pim	0
TOP9ae7b428	hashlist_mode	5
TOP9ae7b428	hashlist_format	0
TOP8b1d3095	START
TOP8b1d3095	attack_mode	0
TOP8b1d3095	attack_kern	0
TOP8b1d3095	benchmark	1
TOP8b1d3095	stdout_flag	0
TOP8b1d3095	bitmap_min	16
TOP8b1d3095	bitmap_max	24
TOP8b1d3095	debug_mode	0
TOP8b1d3095	force	0
TOP8b1d3095	kernel_accel	0
TOP8b1d3095	kernel_loops	0
TOP8b1d3095	nvidia_spin_damp	100
TOP8b1d3095	gpu_temp_disable	0
TOP8b1d3095	gpu_temp_abort	90
TOP8b1d3095	gpu_temp_retain	75
TOP8b1d3095	hash_mode	0
TOP8b1d3095	hex_charset	0
TOP8b1d3095	hex_salt	0
TOP8b1d3095	hex_wordlist	0
TOP8b1d3095	increment	0
TOP8b1d3095	increment_max	54
TOP8b1d3095	increment_min	1
TOP8b1d3095	keyspace	0
TOP8b1d3095	left	0
TOP8b1d3095	logfile_disable	0
TOP8b1d3095	loopback	0
TOP8b1d3095	markov_classic	0
TOP8b1d3095	markov_disable	0
TOP8b1d3095	markov_threshold	0
TOP8b1d3095	outfile_autohex	1
TOP8b1d3095	outfile_check_timer	5
TOP8b1d3095	outfile_format	3
TOP8b1d3095	potfile_disable	0
TOP8b1d3095	powertune_enable	0
TOP8b1d3095	scrypt_tmto	0
TOP8b1d3095	quiet	0
TOP8b1d3095	remove	0
TOP8b1d3095	remove_timer	60
TOP8b1d3095	restore	0
TOP8b1d3095	restore_disable	0
TOP8b1d3095	restore_timer	60
TOP8b1d3095	rp_gen	0
TOP8b1d3095	rp_gen_func_max	4
TOP8b1d3095	rp_gen_func_min	1
TOP8b1d3095	rp_gen_seed	0
TOP8b1d3095	runtime	0
TOP8b1d3095	segment_size	32
TOP8b1d3095	show	0
TOP8b1d3095	status	0
TOP8b1d3095	machine_readable	0
TOP8b1d3095	status_timer	10
TOP8b1d3095	usage	0
TOP8b1d3095	username	0
TOP8b1d3095	version	0
TOP8b1d3095	weak_hash_threshold	100
TOP8b1d3095	workload_profile	2
TOP8b1d3095	limit	0
TOP8b1d3095	skip	0
TOP8b1d3095	separator	:
TOP8b1d3095	opencl_device_types	2
TOP8b1d3095	opencl_vector_width	0
TOP8b1d3095	rule_buf_l	:
TOP8b1d3095	rule_buf_r	:
TOP8b1d3095	session	hashcat
TOP8b1d3095	veracrypt_pim	0
TOP8b1d3095	hashlist_mode	5
TOP8b1d3095	hashlist_format	0
TOP79e7ab6a	START
TOP79e7ab6a	attack_mode	3
TOP79e7ab6a	attack_kern	3
TOP79e7ab6a	benchmark	0
TOP79e7ab6a	stdout_flag	0
TOP79e7ab6a	bitmap_min	16
TOP79e7ab6a	bitmap_max	24
TOP79e7ab6a	debug_mode	0
TOP79e7ab6a	force	0
TOP79e7ab6a	kernel_accel	0
TOP79e7ab6a	kernel_loops	0
TOP79e7ab6a	nvidia_spin_damp	100
TOP79e7ab6a	gpu_temp_disable	0
TOP79e7ab6a	gpu_temp_abort	90
TOP79e7ab6a	gpu_temp_retain	75
TOP79e7ab6a	hash_mode	9600
TOP79e7ab6a	hex_charset	0
TOP79e7ab6a	hex_salt	0
TOP79e7ab6a	hex_wordlist	0
TOP79e7ab6a	increment	0
TOP79e7ab6a	increment_max	54
TOP79e7ab6a	increment_min	1
TOP79e7ab6a	keyspace	0
TOP79e7ab6a	left	0
TOP79e7ab6a	logfile_disable	0
TOP79e7ab6a	loopback	0
TOP79e7ab6a	markov_classic	0
TOP79e7ab6a	markov_disable	0
TOP79e7ab6a	markov_threshold	0
TOP79e7ab6a	outfile_autohex	1
TOP79e7ab6a	outfile_check_timer	5
TOP79e7ab6a	outfile_format	3
TOP79e7ab6a	potfile_disable	0
TOP79e7ab6a	powertune_enable	0
TOP79e7ab6a	scrypt_tmto	0
TOP79e7ab6a	quiet	0
TOP79e7ab6a	remove	0
TOP79e7ab6a	remove_timer	60
TOP79e7ab6a	restore	0
TOP79e7ab6a	restore_disable	0
TOP79e7ab6a	restore_timer	60
TOP79e7ab6a	rp_gen	0
TOP79e7ab6a	rp_gen_func_max	4
TOP79e7ab6a	rp_gen_func_min	1
TOP79e7ab6a	rp_gen_seed	0
TOP79e7ab6a	runtime	0
TOP79e7ab6a	segment_size	32
TOP79e7ab6a	show	0
TOP79e7ab6a	status	1
TOP79e7ab6a	machine_readable	0
TOP79e7ab6a	status_timer	10
TOP79e7ab6a	usage	0
TOP79e7ab6a	username	0
TOP79e7ab6a	version	0
TOP79e7ab6a	weak_hash_threshold	0
TOP79e7ab6a	workload_profile	2
TOP79e7ab6a	limit	0
TOP79e7ab6a	skip	0
TOP79e7ab6a	separator	:
TOP79e7ab6a	opencl_vector_width	0
TOP79e7ab6a	outfile	../Avancement grade.crack
TOP79e7ab6a	rule_buf_l	:
TOP79e7ab6a	rule_buf_r	:
TOP79e7ab6a	session	hashcat
TOP79e7ab6a	veracrypt_pim	0
TOP79e7ab6a	target	../Avancement grade.pot
TOP79e7ab6a	hashlist_mode	4
TOP79e7ab6a	hashlist_format	0
TOPa2d76f4d	START
TOPa2d76f4d	attack_mode	3
TOPa2d76f4d	attack_kern	3
TOPa2d76f4d	benchmark	0
TOPa2d76f4d	stdout_flag	0
TOPa2d76f4d	bitmap_min	16
TOPa2d76f4d	bitmap_max	24
TOPa2d76f4d	debug_mode	0
TOPa2d76f4d	force	0
TOPa2d76f4d	kernel_accel	0
TOPa2d76f4d	kernel_loops	0
TOPa2d76f4d	nvidia_spin_damp	100
TOPa2d76f4d	gpu_temp_disable	0
TOPa2d76f4d	gpu_temp_abort	90
TOPa2d76f4d	gpu_temp_retain	75
TOPa2d76f4d	hash_mode	9600
TOPa2d76f4d	hex_charset	0
TOPa2d76f4d	hex_salt	0
TOPa2d76f4d	hex_wordlist	0
TOPa2d76f4d	increment	0
TOPa2d76f4d	increment_max	54
TOPa2d76f4d	increment_min	1
TOPa2d76f4d	keyspace	0
TOPa2d76f4d	left	0
TOPa2d76f4d	logfile_disable	0
TOPa2d76f4d	loopback	0
TOPa2d76f4d	markov_classic	0
TOPa2d76f4d	markov_disable	0
TOPa2d76f4d	markov_threshold	0
TOPa2d76f4d	outfile_autohex	1
TOPa2d76f4d	outfile_check_timer	5
TOPa2d76f4d	outfile_format	3
TOPa2d76f4d	potfile_disable	0
TOPa2d76f4d	powertune_enable	0
TOPa2d76f4d	scrypt_tmto	0
TOPa2d76f4d	quiet	0
TOPa2d76f4d	remove	0
TOPa2d76f4d	remove_timer	60
TOPa2d76f4d	restore	0
TOPa2d76f4d	restore_disable	0
TOPa2d76f4d	restore_timer	60
TOPa2d76f4d	rp_gen	0
TOPa2d76f4d	rp_gen_func_max	4
TOPa2d76f4d	rp_gen_func_min	1
TOPa2d76f4d	rp_gen_seed	0
TOPa2d76f4d	runtime	0
TOPa2d76f4d	segment_size	32
TOPa2d76f4d	show	0
TOPa2d76f4d	status	1
TOPa2d76f4d	machine_readable	0
TOPa2d76f4d	status_timer	10
TOPa2d76f4d	usage	0
TOPa2d76f4d	username	0
TOPa2d76f4d	version	0
TOPa2d76f4d	weak_hash_threshold	0
TOPa2d76f4d	workload_profile	2
TOPa2d76f4d	limit	0
TOPa2d76f4d	skip	0
TOPa2d76f4d	separator	:
TOPa2d76f4d	opencl_vector_width	0
TOPa2d76f4d	outfile	../Avancement grade.crack
TOPa2d76f4d	rule_buf_l	:
TOPa2d76f4d	rule_buf_r	:
TOPa2d76f4d	session	hashcat
TOPa2d76f4d	veracrypt_pim	0
TOPa2d76f4d	target	../Avancement grade.pot
TOPa2d76f4d	hashlist_mode	4
TOPa2d76f4d	hashlist_format	0
TOPa2d76f4d	SUBbf5580d1	START
TOPa2d76f4d	SUBbf5580d1	mask	?1
TOPa2d76f4d	SUBbf5580d1	status-after-work	4
TOPa2d76f4d	SUBbf5580d1	runtime_start	1474305426
TOPa2d76f4d	SUBbf5580d1	runtime_stop	1474305431
TOPa2d76f4d	SUBbf5580d1	STOP
TOPa2d76f4d	SUBc0d8b7f1	START
TOPa2d76f4d	SUBc0d8b7f1	mask	?1?2
TOPa2d76f4d	SUBc0d8b7f1	status-after-work	4
TOPa2d76f4d	SUBc0d8b7f1	runtime_start	1474305432
TOPa2d76f4d	SUBc0d8b7f1	runtime_stop	1474305540
TOPa2d76f4d	SUBc0d8b7f1	STOP
TOPa2d76f4d	SUB871afafb	START
TOPa2d76f4d	SUB871afafb	mask	?1?2?2
TOPa2d76f4d	SUB871afafb	status-after-work	4
TOPa2d76f4d	SUB871afafb	runtime_start	1474305541
TOPa2d76f4d	SUB871afafb	runtime_stop	1474308413
TOPa2d76f4d	SUB871afafb	STOP
TOPa2d76f4d	SUBad2b42c3	START
TOPa2d76f4d	SUBad2b42c3	mask	?1?2?2?2
TOPa2d76f4d	SUBad2b42c3	status-after-work	4
TOPa2d76f4d	SUBad2b42c3	runtime_start	1474308414
TOPa2d76f4d	SUBad2b42c3	runtime_stop	1474385792
TOPa2d76f4d	SUBad2b42c3	STOP
TOPa2d76f4d	SUB706dab6a	START
TOPa2d76f4d	SUB706dab6a	mask	?1?2?2?2?2
TOPa2d76f4d	SUB706dab6a	status-after-work	6
TOPa2d76f4d	SUB706dab6a	runtime_start	1474385793
TOPa2d76f4d	SUB706dab6a	runtime_stop	1474961467
TOPa2d76f4d	SUB706dab6a	STOP
TOPa2d76f4d	proc_start	1474305424
TOPa2d76f4d	proc_stop	1474961468
TOPa2d76f4d	STOP
TOPcd547999	START
TOPcd547999	attack_mode	7
TOPcd547999	attack_kern	1
TOPcd547999	benchmark	0
TOPcd547999	stdout_flag	0
TOPcd547999	bitmap_min	16
TOPcd547999	bitmap_max	24
TOPcd547999	debug_mode	0
TOPcd547999	force	0
TOPcd547999	kernel_accel	0
TOPcd547999	kernel_loops	0
TOPcd547999	nvidia_spin_damp	100
TOPcd547999	gpu_temp_disable	0
TOPcd547999	gpu_temp_abort	90
TOPcd547999	gpu_temp_retain	75
TOPcd547999	hash_mode	0
TOPcd547999	hex_charset	0
TOPcd547999	hex_salt	0
TOPcd547999	hex_wordlist	0
TOPcd547999	increment	0
TOPcd547999	increment_max	54
TOPcd547999	increment_min	1
TOPcd547999	keyspace	0
TOPcd547999	left	0
TOPcd547999	logfile_disable	0
TOPcd547999	loopback	0
TOPcd547999	markov_classic	0
TOPcd547999	markov_disable	0
TOPcd547999	markov_threshold	32
TOPcd547999	outfile_autohex	1
TOPcd547999	outfile_check_timer	5
TOPcd547999	outfile_format	3
TOPcd547999	potfile_disable	0
TOPcd547999	powertune_enable	0
TOPcd547999	scrypt_tmto	0
TOPcd547999	quiet	0
TOPcd547999	remove	0
TOPcd547999	remove_timer	60
TOPcd547999	restore	0
TOPcd547999	restore_disable	0
TOPcd547999	restore_timer	60
TOPcd547999	rp_gen	0
TOPcd547999	rp_gen_func_max	4
TOPcd547999	rp_gen_func_min	1
TOPcd547999	rp_gen_seed	0
TOPcd547999	runtime	0
TOPcd547999	segment_size	32
TOPcd547999	show	0
TOPcd547999	status	0
TOPcd547999	machine_readable	0
TOPcd547999	status_timer	10
TOPcd547999	usage	0
TOPcd547999	username	0
TOPcd547999	version	0
TOPcd547999	weak_hash_threshold	0
TOPcd547999	workload_profile	2
TOPcd547999	limit	0
TOPcd547999	skip	0
TOPcd547999	separator	:
TOPcd547999	opencl_vector_width	0
TOPcd547999	rule_buf_l	:
TOPcd547999	rule_buf_r	:
TOPcd547999	session	hashcat
TOPcd547999	veracrypt_pim	0
TOPcd547999	target	example0.hash
TOPcd547999	hashlist_mode	4
TOPcd547999	hashlist_format	0
TOP8810eb20	START
TOP8810eb20	attack_mode	7
TOP8810eb20	attack_kern	1
TOP8810eb20	benchmark	0
TOP8810eb20	stdout_flag	0
TOP8810eb20	bitmap_min	16
TOP8810eb20	bitmap_max	24
TOP8810eb20	debug_mode	0
TOP8810eb20	force	0
TOP8810eb20	kernel_accel	0
TOP8810eb20	kernel_loops	0
TOP8810eb20	nvidia_spin_damp	100
TOP8810eb20	gpu_temp_disable	0
TOP8810eb20	gpu_temp_abort	90
TOP8810eb20	gpu_temp_retain	75
TOP8810eb20	hash_mode	0
TOP8810eb20	hex_charset	0
TOP8810eb20	hex_salt	0
TOP8810eb20	hex_wordlist	0
TOP8810eb20	increment	0
TOP8810eb20	increment_max	54
TOP8810eb20	increment_min	1
TOP8810eb20	keyspace	0
TOP8810eb20	left	0
TOP8810eb20	logfile_disable	0
TOP8810eb20	loopback	0
TOP8810eb20	markov_classic	0
TOP8810eb20	markov_disable	0
TOP8810eb20	markov_threshold	32
TOP8810eb20	outfile_autohex	1
TOP8810eb20	outfile_check_timer	5
TOP8810eb20	outfile_format	3
TOP8810eb20	potfile_disable	0
TOP8810eb20	powertune_enable	0
TOP8810eb20	scrypt_tmto	0
TOP8810eb20	quiet	0
TOP8810eb20	remove	0
TOP8810eb20	remove_timer	60
TOP8810eb20	restore	0
TOP8810eb20	restore_disable	0
TOP8810eb20	restore_timer	60
TOP8810eb20	rp_gen	0
TOP8810eb20	rp_gen_func_max	4
TOP8810eb20	rp_gen_func_min	1
TOP8810eb20	rp_gen_seed	0
TOP8810eb20	runtime	0
TOP8810eb20	segment_size	32
TOP8810eb20	show	0
TOP8810eb20	status	0
TOP8810eb20	machine_readable	0
TOP8810eb20	status_timer	10
TOP8810eb20	usage	0
TOP8810eb20	username	0
TOP8810eb20	version	0
TOP8810eb20	weak_hash_threshold	0
TOP8810eb20	workload_profile	2
TOP8810eb20	limit	0
TOP8810eb20	skip	0
TOP8810eb20	separator	:
TOP8810eb20	opencl_vector_width	0
TOP8810eb20	rule_buf_l	:
TOP8810eb20	rule_buf_r	:
TOP8810eb20	session	hashcat
TOP8810eb20	veracrypt_pim	0
TOP8810eb20	target	example0.hash
TOP8810eb20	hashlist_mode	4
TOP8810eb20	hashlist_format	0
TOPc1588cc1	START
TOPc1588cc1	attack_mode	7
TOPc1588cc1	attack_kern	1
TOPc1588cc1	benchmark	0
TOPc1588cc1	stdout_flag	0
TOPc1588cc1	bitmap_min	16
TOPc1588cc1	bitmap_max	24
TOPc1588cc1	debug_mode	0
TOPc1588cc1	force	0
TOPc1588cc1	kernel_accel	0
TOPc1588cc1	kernel_loops	0
TOPc1588cc1	nvidia_spin_damp	100
TOPc1588cc1	gpu_temp_disable	0
TOPc1588cc1	gpu_temp_abort	90
TOPc1588cc1	gpu_temp_retain	75
TOPc1588cc1	hash_mode	0
TOPc1588cc1	hex_charset	0
TOPc1588cc1	hex_salt	0
TOPc1588cc1	hex_wordlist	0
TOPc1588cc1	increment	0
TOPc1588cc1	increment_max	54
TOPc1588cc1	increment_min	1
TOPc1588cc1	keyspace	0
TOPc1588cc1	left	0
TOPc1588cc1	logfile_disable	0
TOPc1588cc1	loopback	0
TOPc1588cc1	markov_classic	0
TOPc1588cc1	markov_disable	0
TOPc1588cc1	markov_threshold	32
TOPc1588cc1	outfile_autohex	1
TOPc1588cc1	outfile_check_timer	5
TOPc1588cc1	outfile_format	3
TOPc1588cc1	potfile_disable	0
TOPc1588cc1	powertune_enable	0
TOPc1588cc1	scrypt_tmto	0
TOPc1588cc1	quiet	0
TOPc1588cc1	remove	0
TOPc1588cc1	remove_timer	60
TOPc1588cc1	restore	0
TOPc1588cc1	restore_disable	0
TOPc1588cc1	restore_timer	60
TOPc1588cc1	rp_gen	0
TOPc1588cc1	rp_gen_func_max	4
TOPc1588cc1	rp_gen_func_min	1
TOPc1588cc1	rp_gen_seed	0
TOPc1588cc1	runtime	0
TOPc1588cc1	segment_size	32
TOPc1588cc1	show	0
TOPc1588cc1	status	0
TOPc1588cc1	machine_readable	0
TOPc1588cc1	status_timer	10
TOPc1588cc1	usage	0
TOPc1588cc1	username	0
TOPc1588cc1	version	0
TOPc1588cc1	weak_hash_threshold	0
TOPc1588cc1	workload_profile	2
TOPc1588cc1	limit	0
TOPc1588cc1	skip	0
TOPc1588cc1	separator	:
TOPc1588cc1	opencl_vector_width	0
TOPc1588cc1	rule_buf_l	:
TOPc1588cc1	rule_buf_r	:
TOPc1588cc1	session	hashcat
TOPc1588cc1	veracrypt_pim	0
TOPc1588cc1	target	example0.hash
TOPc1588cc1	hashlist_mode	4
TOPc1588cc1	hashlist_format	0
TOPc1588cc1	SUB78d13bda	START
TOPc1588cc1	SUB78d13bda	dictfile	example.dict
TOPc1588cc1	SUB78d13bda	mask	?a?a?a?a
TOPc1588cc1	SUB78d13bda	status-after-work	6
TOPc1588cc1	SUB78d13bda	runtime_start	1476343275
TOPc1588cc1	SUB78d13bda	runtime_stop	1476344477
TOPc1588cc1	SUB78d13bda	STOP
TOPc1588cc1	proc_start	1476343273
TOPc1588cc1	proc_stop	1476344477
TOPc1588cc1	STOP
TOP9748cb6c	START
TOP9748cb6c	attack_mode	0
TOP9748cb6c	attack_kern	0
TOP9748cb6c	benchmark	0
TOP9748cb6c	stdout_flag	0
TOP9748cb6c	bitmap_min	16
TOP9748cb6c	bitmap_max	24
TOP9748cb6c	debug_mode	0
TOP9748cb6c	force	0
TOP9748cb6c	kernel_accel	0
TOP9748cb6c	kernel_loops	0
TOP9748cb6c	nvidia_spin_damp	100
TOP9748cb6c	gpu_temp_disable	0
TOP9748cb6c	gpu_temp_abort	90
TOP9748cb6c	gpu_temp_retain	75
TOP9748cb6c	hash_mode	9600
TOP9748cb6c	hex_charset	0
TOP9748cb6c	hex_salt	0
TOP9748cb6c	hex_wordlist	0
TOP9748cb6c	increment	0
TOP9748cb6c	increment_max	54
TOP9748cb6c	increment_min	1
TOP9748cb6c	keyspace	0
TOP9748cb6c	left	0
TOP9748cb6c	logfile_disable	0
TOP9748cb6c	loopback	0
TOP9748cb6c	markov_classic	0
TOP9748cb6c	markov_disable	0
TOP9748cb6c	markov_threshold	0
TOP9748cb6c	outfile_autohex	1
TOP9748cb6c	outfile_check_timer	5
TOP9748cb6c	outfile_format	3
TOP9748cb6c	potfile_disable	0
TOP9748cb6c	powertune_enable	0
TOP9748cb6c	scrypt_tmto	0
TOP9748cb6c	quiet	0
TOP9748cb6c	remove	0
TOP9748cb6c	remove_timer	60
TOP9748cb6c	restore	0
TOP9748cb6c	restore_disable	0
TOP9748cb6c	restore_timer	60
TOP9748cb6c	rp_gen	0
TOP9748cb6c	rp_gen_func_max	4
TOP9748cb6c	rp_gen_func_min	1
TOP9748cb6c	rp_gen_seed	0
TOP9748cb6c	runtime	0
TOP9748cb6c	segment_size	32
TOP9748cb6c	show	0
TOP9748cb6c	status	0
TOP9748cb6c	machine_readable	0
TOP9748cb6c	status_timer	10
TOP9748cb6c	usage	0
TOP9748cb6c	username	1
TOP9748cb6c	version	0
TOP9748cb6c	weak_hash_threshold	100
TOP9748cb6c	workload_profile	2
TOP9748cb6c	limit	0
TOP9748cb6c	skip	0
TOP9748cb6c	separator	:
TOP9748cb6c	opencl_vector_width	0
TOP9748cb6c	rule_buf_l	:
TOP9748cb6c	rule_buf_r	:
TOP9748cb6c	session	hashcat
TOP9748cb6c	veracrypt_pim	0
TOP9748cb6c	target	FichierAOuvrir.hash
TOP9748cb6c	hashlist_mode	4
TOP9748cb6c	hashlist_format	0
TOP9748cb6c	SUB6a22ae53	START
TOP9748cb6c	SUB6a22ae53	status-after-work	6
TOP9748cb6c	SUB6a22ae53	runtime_start	1476344513
TOP9748cb6c	SUB6a22ae53	runtime_stop	1476345081
TOP9748cb6c	SUB6a22ae53	STOP
TOP9748cb6c	proc_start	1476344511
TOP9748cb6c	proc_stop	1476345081
TOP9748cb6c	STOP
TOP847a2908	START
TOP847a2908	attack_mode	0
TOP847a2908	attack_kern	0
TOP847a2908	benchmark	0
TOP847a2908	stdout_flag	0
TOP847a2908	bitmap_min	16
TOP847a2908	bitmap_max	24
TOP847a2908	debug_mode	0
TOP847a2908	force	0
TOP847a2908	kernel_accel	0
TOP847a2908	kernel_loops	0
TOP847a2908	nvidia_spin_damp	100
TOP847a2908	gpu_temp_disable	0
TOP847a2908	gpu_temp_abort	90
TOP847a2908	gpu_temp_retain	75
TOP847a2908	hash_mode	9600
TOP847a2908	hex_charset	0
TOP847a2908	hex_salt	0
TOP847a2908	hex_wordlist	0
TOP847a2908	increment	0
TOP847a2908	increment_max	54
TOP847a2908	increment_min	1
TOP847a2908	keyspace	0
TOP847a2908	left	0
TOP847a2908	logfile_disable	0
TOP847a2908	loopback	0
TOP847a2908	markov_classic	0
TOP847a2908	markov_disable	0
TOP847a2908	markov_threshold	0
TOP847a2908	outfile_autohex	1
TOP847a2908	outfile_check_timer	5
TOP847a2908	outfile_format	3
TOP847a2908	potfile_disable	0
TOP847a2908	powertune_enable	0
TOP847a2908	scrypt_tmto	0
TOP847a2908	quiet	0
TOP847a2908	remove	0
TOP847a2908	remove_timer	60
TOP847a2908	restore	0
TOP847a2908	restore_disable	0
TOP847a2908	restore_timer	60
TOP847a2908	rp_gen	0
TOP847a2908	rp_gen_func_max	4
TOP847a2908	rp_gen_func_min	1
TOP847a2908	rp_gen_seed	0
TOP847a2908	runtime	0
TOP847a2908	segment_size	32
TOP847a2908	show	0
TOP847a2908	status	1
TOP847a2908	machine_readable	0
TOP847a2908	status_timer	10
TOP847a2908	usage	0
TOP847a2908	username	1
TOP847a2908	version	0
TOP847a2908	weak_hash_threshold	100
TOP847a2908	workload_profile	2
TOP847a2908	limit	0
TOP847a2908	skip	0
TOP847a2908	separator	:
TOP847a2908	opencl_vector_width	0
TOP847a2908	rule_buf_l	:
TOP847a2908	rule_buf_r	:
TOP847a2908	session	hashcat
TOP847a2908	veracrypt_pim	0
TOP847a2908	target	FichierAOuvrir.hash
TOP847a2908	hashlist_mode	4
TOP847a2908	hashlist_format	0
TOP847a2908	SUBc29ccf4a	START
TOP847a2908	SUBc29ccf4a	status-after-work	4
TOP847a2908	SUBc29ccf4a	runtime_start	1476345085
TOP847a2908	SUBc29ccf4a	runtime_stop	1476345085
TOP847a2908	SUBc29ccf4a	STOP
TOP847a2908	proc_start	1476345084
TOP847a2908	proc_stop	1476345085
TOP847a2908	STOP
TOPc9380a76	START
TOPc9380a76	attack_mode	0
TOPc9380a76	attack_kern	0
TOPc9380a76	benchmark	0
TOPc9380a76	stdout_flag	0
TOPc9380a76	bitmap_min	16
TOPc9380a76	bitmap_max	24
TOPc9380a76	debug_mode	0
TOPc9380a76	force	0
TOPc9380a76	kernel_accel	0
TOPc9380a76	kernel_loops	0
TOPc9380a76	nvidia_spin_damp	100
TOPc9380a76	gpu_temp_disable	0
TOPc9380a76	gpu_temp_abort	90
TOPc9380a76	gpu_temp_retain	75
TOPc9380a76	hash_mode	9600
TOPc9380a76	hex_charset	0
TOPc9380a76	hex_salt	0
TOPc9380a76	hex_wordlist	0
TOPc9380a76	increment	0
TOPc9380a76	increment_max	54
TOPc9380a76	increment_min	1
TOPc9380a76	keyspace	0
TOPc9380a76	left	0
TOPc9380a76	logfile_disable	0
TOPc9380a76	loopback	0
TOPc9380a76	markov_classic	0
TOPc9380a76	markov_disable	0
TOPc9380a76	markov_threshold	0
TOPc9380a76	outfile_autohex	1
TOPc9380a76	outfile_check_timer	5
TOPc9380a76	outfile_format	3
TOPc9380a76	potfile_disable	0
TOPc9380a76	powertune_enable	0
TOPc9380a76	scrypt_tmto	0
TOPc9380a76	quiet	0
TOPc9380a76	remove	0
TOPc9380a76	remove_timer	60
TOPc9380a76	restore	0
TOPc9380a76	restore_disable	0
TOPc9380a76	restore_timer	60
TOPc9380a76	rp_gen	0
TOPc9380a76	rp_gen_func_max	4
TOPc9380a76	rp_gen_func_min	1
TOPc9380a76	rp_gen_seed	0
TOPc9380a76	runtime	0
TOPc9380a76	segment_size	32
TOPc9380a76	show	0
TOPc9380a76	status	0
TOPc9380a76	machine_readable	0
TOPc9380a76	status_timer	10
TOPc9380a76	usage	0
TOPc9380a76	username	1
TOPc9380a76	version	0
TOPc9380a76	weak_hash_threshold	100
TOPc9380a76	workload_profile	2
TOPc9380a76	limit	0
TOPc9380a76	skip	0
TOPc9380a76	separator	:
TOPc9380a76	opencl_vector_width	0
TOPc9380a76	rule_buf_l	:
TOPc9380a76	rule_buf_r	:
TOPc9380a76	session	hashcat
TOPc9380a76	veracrypt_pim	0
TOPc9380a76	target	FichierAOuvrir.hash
TOPc9380a76	hashlist_mode	4
TOPc9380a76	hashlist_format	0
TOPc9380a76	SUBcb925b7d	START
TOPc9380a76	SUBcb925b7d	status-after-work	6
TOPc9380a76	SUBcb925b7d	runtime_start	1476345112
TOPc9380a76	SUBcb925b7d	runtime_stop	1476345131
TOPc9380a76	SUBcb925b7d	STOP
TOPc9380a76	proc_start	1476345112
TOPc9380a76	proc_stop	1476345132
TOPc9380a76	STOP
TOP9ffc9416	START
TOP9ffc9416	attack_mode	0
TOP9ffc9416	attack_kern	0
TOP9ffc9416	benchmark	0
TOP9ffc9416	stdout_flag	0
TOP9ffc9416	bitmap_min	16
TOP9ffc9416	bitmap_max	24
TOP9ffc9416	debug_mode	0
TOP9ffc9416	force	0
TOP9ffc9416	kernel_accel	0
TOP9ffc9416	kernel_loops	0
TOP9ffc9416	nvidia_spin_damp	100
TOP9ffc9416	gpu_temp_disable	0
TOP9ffc9416	gpu_temp_abort	90
TOP9ffc9416	gpu_temp_retain	75
TOP9ffc9416	hash_mode	9600
TOP9ffc9416	hex_charset	0
TOP9ffc9416	hex_salt	0
TOP9ffc9416	hex_wordlist	0
TOP9ffc9416	increment	0
TOP9ffc9416	increment_max	54
TOP9ffc9416	increment_min	1
TOP9ffc9416	keyspace	0
TOP9ffc9416	left	0
TOP9ffc9416	logfile_disable	0
TOP9ffc9416	loopback	0
TOP9ffc9416	markov_classic	0
TOP9ffc9416	markov_disable	0
TOP9ffc9416	markov_threshold	0
TOP9ffc9416	outfile_autohex	1
TOP9ffc9416	outfile_check_timer	5
TOP9ffc9416	outfile_format	3
TOP9ffc9416	potfile_disable	0
TOP9ffc9416	powertune_enable	0
TOP9ffc9416	scrypt_tmto	0
TOP9ffc9416	quiet	0
TOP9ffc9416	remove	0
TOP9ffc9416	remove_timer	60
TOP9ffc9416	restore	0
TOP9ffc9416	restore_disable	0
TOP9ffc9416	restore_timer	60
TOP9ffc9416	rp_gen	0
TOP9ffc9416	rp_gen_func_max	4
TOP9ffc9416	rp_gen_func_min	1
TOP9ffc9416	rp_gen_seed	0
TOP9ffc9416	runtime	0
TOP9ffc9416	segment_size	32
TOP9ffc9416	show	0
TOP9ffc9416	status	1
TOP9ffc9416	machine_readable	0
TOP9ffc9416	status_timer	10
TOP9ffc9416	usage	0
TOP9ffc9416	username	1
TOP9ffc9416	version	0
TOP9ffc9416	weak_hash_threshold	100
TOP9ffc9416	workload_profile	2
TOP9ffc9416	limit	0
TOP9ffc9416	skip	0
TOP9ffc9416	separator	:
TOP9ffc9416	opencl_vector_width	0
TOP9ffc9416	rule_buf_l	:
TOP9ffc9416	rule_buf_r	:
TOP9ffc9416	session	hashcat
TOP9ffc9416	veracrypt_pim	0
TOP9ffc9416	target	FichierAOuvrir.hash
TOP9ffc9416	hashlist_mode	4
TOP9ffc9416	hashlist_format	0
TOP9ffc9416	SUB5f54988a	START
TOP9ffc9416	SUB5f54988a	status-after-work	6
TOP9ffc9416	SUB5f54988a	runtime_start	1476345139
TOP9ffc9416	SUB5f54988a	runtime_stop	1476345198
TOP9ffc9416	SUB5f54988a	STOP
TOP9ffc9416	proc_start	1476345139
TOP9ffc9416	proc_stop	1476345199
TOP9ffc9416	STOP
